The/DT room/NN was/VBD not/RB overly/RB big/JJ ,/, but/CC clean/JJ and/CC very/RB comfortable/JJ beds/NNS ,/, a/DT great/JJ shower/VBP and/CC very/RB clean/JJ bathrooms/NNS ./. 
The/DT second/JJ room/NN was/VBD smaller/JJR ,/, with/IN a/DT very/RB inconvenient/JJ bathroom/NN layout/NN ,/, but/CC at/IN least/JJS it/PRP was/VBD quieter/NN and/CC we/PRP were/VBD able/JJ to/TO sleep/VB ./. 
Large/JJ comfortable/JJ room/NN ,/, wonderful/JJ bathroom/NN ./. 
The/DT rooms/NNS were/VBD nice/JJ ,/, very/RB comfy/JJ bed/NN and/CC very/RB clean/JJ bathroom/NN ./. 
Bathroom/NN was/VBD spacious/JJ too/RB and/CC very/RB clean/JJ ./. 
The/DT bathroom/NN only/RB had/VBD a/DT single/JJ sink/NN ,/, but/CC it/PRP was/VBD very/RB large/JJ ./. 
The/DT room/NN was/VBD a/DT standard/JJ but/CC nice/JJ motel/NN room/NN like/IN any/DT other/JJ ,/, bathroom/NN seemed/VBD upgraded/VBN if/IN I/PRP remember/VBP ./. 
The/DT room/NN was/VBD quite/RB small/JJ but/CC perfectly/RB formed/VBN with/IN a/DT super/JJ bathroom/NN ./. 
You/PRP could/MD eat/VB off/RP the/DT bathroom/NN floor/NN it/PRP was/VBD so/RB clean/JJ ./. 
The/DT bathroom/NN door/NN does/VBZ the/DT same/JJ thing/NN ,/, making/VBG the/DT bathroom/NN seem/VBP slightly/RB larger/JJR ./. 
bathroom/NN spotless/JJ and/CC nicely/RB appointed/VBN ./. 
The/DT rooms/NNS are/VBP exceptionally/RB clean/JJ and/CC also/RB the/DT bathrooms/NNS ./. 
The/DT bathroom/NN was/VBD clean/JJ and/CC the/DT bed/NN was/VBD comfy/JJ ./. 
They/PRP provide/VBP you/PRP with/IN great/JJ aveda/NN products/NNS in/IN the/DT bathroom/NN ./. 
Also/RB ,/, the/DT bathroom/NN was/VBD a/DT bit/NN dirty/JJ ,/, brown/JJ water/NN came/VBD out/IN of/IN the/DT bath/NN tub/NN faucet/NN initially/RB and/CC the/DT sink/NN wall/NN by/IN the/DT toilet/NN was/VBD dirty/JJ ./. 
If/IN your/PRP$ dog/NN tends/VBZ to/TO be/VB a/DT little/JJ disruptive/JJ or/CC on/IN the/DT noisy/JJ side/NN ,/, there/EX is/VBZ a/DT bathroom/NN fan/NN that/IN you/PRP can/MD keep/VB on/IN to/TO make/VB noise/NN ./. 
The/DT bathroom/NN was/VBD big/JJ and/CC clean/JJ as/RB well/RB ./. 
Also/RB ,/, the/DT bathrooms/NNS were/VBD quite/RB well/RB set/VBN up/RP ,/, with/IN a/DT seperate/JJ toilet/NN shower/VBP to/TO basin/VB ,/, so/RB whilst/JJ one/CD guest/NN is/VBZ showering/VBG another/DT can/MD use/VB the/DT basin/NN ./. 
The/DT bathroom/NN was/VBD marble/NN and/CC we/PRP had/VBD luxurious/JJ bathrobes/NNS and/CC really/RB ,/, every/DT detail/NN attended/VBD to/TO ./. 
It/PRP was/VBD very/RB clean/JJ ,/, had/VBD a/DT beautiful/JJ bathroom/NN ,/, and/CC was/VBD comfortable/JJ ./. 
The/DT bed/NN was/VBD comfortable/JJ and/CC the/DT bathroom/NN was/VBD clean/JJ with/IN a/DT nice/JJ selection/NN of/IN toiletries/NNS ./. 
The/DT bathroom/NN was/VBD an/DT adequate/JJ size/NN ./. 
First/RB ,/, from/IN day/NN one/CD our/PRP$ bathroom/NN had/VBD a/DT urine/NN smell/NN that/WDT never/RB went/VBD away/RB ./. 
Otherwise/RB the/DT bathroom/NN was/VBD decent/JJ enough/RB ,/, decent/JJ temperature/NN and/CC decent/JJ water/NN pressure/NN ./. 
Bathroom/NN shower/VBP curtain/NN reeked/VBD of/IN mildew/NN enough/RB to/TO smell/VB up/RP the/DT room/NN ./. 
The/DT bed/NN was/VBD comfortable/JJ and/CC the/DT rooms/NNS and/CC bathrooms/NNS were/VBD kept/VBN clean/JJ and/CC although/IN the/DT refrigerators/NNS are/VBP honor/NN bars/NNS the/DT hotel/NN is/VBZ happy/JJ for/IN you/PRP to/TO chill/NN your/PRP$ own/JJ drinks/NNS in/IN them/PRP ./. 
The/DT room/NN was/VBD very/RB nice/JJ ,/, and/CC had/VBD a/DT nice/JJ bathroom/NN ./. 
The/DT room/NN was/VBD wonderful/JJ with/IN great/JJ beds/NNS ,/, a/DT nice/JJ bathroom/NN and/CC we/PRP also/RB had/VBD an/DT excellent/JJ view/NN of/IN Coit/NNP Tower/NNP as/RB well/RB ./. 
The/DT room/NN was/VBD small/JJ ,/, with/IN a/DT king/NN bed/NN ,/, and/CC a/DT truly/RB claustrophobic/JJ bathroom/NN ./. 
Amenities/NNS ,/, While/IN this/DT hotel/NN is/VBZ n't/RB a/DT luxury/NN property/NN ,/, they/PRP have/VBP some/DT nice/JJ touches/NNS like/IN marble/NN bathrooms/NNS ,/, mini/NNS bar/NN ,/, room/NN service/NN and/CC an/DT evening/NN wine/NN reception/NN every/DT day/NN ./. 
The/DT bathroom/NN was/VBD clean/JJ ,/, well/RB lit/VBN ,/, and/CC always/RB well/RB stocked/VBN with/IN shampoo/NN etc/NN and/CC towels/NNS ./. 
The/DT only/JJ odd/JJ thing/NN was/VBD the/DT bathroom/NN door/NN and/CC room/NN door/NN opened/VBD outwards/RB into/IN the/DT room/NN and/CC hallway/NN respectively/RB ./. 
Room/NN spacious/JJ 2/CD double/JJ beds/NNS gave/VBD us/PRP plenty/NN of/IN room/NN ,/, the/DT beds/NNS were/VBD comfortable/JJ and/CC the/DT bathroom/NN was/VBD a/DT good/JJ size/NN ./. 
The/DT bathroom/NN was/VBD large/JJ and/CC included/VBD a/DT mounted/VBN makeup/NN mirror/NN ./. 
The/DT rooms/NNS are/VBP abit/JJ smallish/NN ,/, but/CC immaculately/RB maintained/VBD ,/, and/CC tastefully/RB decorated/VBN ,/, with/IN excellent/JJ bathroom/NN facilities/NNS ./. 
Shower/VB bathroom/NN was/VBD good/JJ with/IN good/JJ shower/VB and/CC plenty/NN of/IN space/NN ./. 
Both/DT the/DT bedroom/NN and/CC bathroom/NN had/VBD plenty/NN of/IN room/NN ./. 
large/JJ clean/JJ bathrooms/NNS fully/RB stocked/VBN with/IN everything/NN needed/VBN ./. 
However/RB ,/, when/WRB we/PRP arrived/VBD at/IN our/PRP$ room/NN there/EX was/VBD a/DT maintenance/NN worker/NN there/RB measuring/VBG the/DT bathroom/NN counter/RB ,/, so/RB maybe/RB they/PRP 're/VBP doing/VBG work/NN in/IN some/DT units/NNS ./. 
The/DT room/NN was/VBD large/JJ and/CC very/RB comfortable/JJ with/IN a/DT nice/JJ large/JJ bathroom/NN ./. 
There/EX is/VBZ a/DT wall/NN ,/, mounted/VBD hair/NN dryer/NN in/IN the/DT bathroom/NN ./. 
The/DT thing/NN that/WDT bothered/VBD me/PRP the/DT most/RBS was/VBD the/DT bathroom/NN was/VBD very/RB dated/VBN ./. 
There/EX is/VBZ virtually/RB no/DT counterspace/NN in/IN the/DT bathroom/NN at/IN all/DT ./. 
Upon/IN our/PRP$ arrival/NN ,/, there/EX was/VBD a/DT SLIGHT/NNP odor/NN in/IN bathroom/NN but/CC nothing/NN worth/JJ complaining/VBG about/RB ./. 
The/DT bathroom/NN was/VBD adequate/JJ with/IN thick/JJ ,/, fluffy/JJ towels/NNS ./. 
The/DT bathroom/NN was/VBD large/JJ and/CC private/JJ ./. 
The/DT bathroom/NN was/VBD very/RB clean/JJ and/CC well/RB appointed/VBN with/IN nice/JJ towels/NNS and/CC toiletries/NNS ,/, it/PRP was/VBD not/RB big/JJ ,/, but/CC room/NN enough/RB to/TO do/VB what/WP one/CD needs/VBZ to/TO ./. 
The/DT Tuscan/NNP Inn/NNP room/NN was/VBD quite/RB nicely/RB appointed/VBN ,/, the/DT bed/NN was/VBD comfortable/JJ the/DT chairs/NNS TV/NN adequate/JJ ,/, the/DT bathroom/NN reasonably/RB good/JJ ./. 
my/PRP$ only/JJ real/JJ complaint/NN would/MD be/VB that/IN the/DT bathroom/NN does/VBZ not/RB have/VB a/DT separate/JJ vanity/NN area/NN ,/, so/RB 2/CD people/NNS getting/VBG dressed/VBN had/VBD to/TO improvise/VB ,/, which/WDT was/VBD kind/NN of/IN surprising/JJ since/IN the/DT bathrooms/NNS were/VBD all/DT redone/NN on/IN 2005/CD ./. 
The/DT clever/JJ use/NN of/IN mirrors/VBZ behind/IN the/DT bed/NN helped/VBD to/TO create/VB the/DT illusion/NN of/IN space/NN ,/, however/RB ,/, in/IN reality/NN the/DT room/NN was/VBD cramped/VBN and/CC with/IN two/CD of/IN us/PRP trying/VBG to/TO use/VB the/DT hand/NN basin/NN and/CC bathroom/NN at/IN the/DT same/JJ time/NN was/VBD particularly/RB awkward/JJ ./. 
The/DT bathroom/NN containing/VBG the/DT toilet/NN and/CC the/DT shower/VBP was/VBD also/RB very/RB small/JJ ,/, not/RB to/TO mention/VB the/DT sink/NN and/CC counter/NN directly/RB outside/IN of/IN it/PRP ./. 
Turning/VBG the/DT bathroom/NN light/NN on/IN also/RB turns/VBZ the/DT counter/NN light/NN on/IN ,/, meaning/VBG a/DT middle/NN ,/, of/IN ,/, the/DT ,/, night/NN trip/NN to/TO the/DT bathroom/NN means/VBZ the/DT whole/JJ side/NN of/IN the/DT room/NN gets/VBZ illuminated/VBN and/CC the/DT wooden/JJ shutters/NNS that/WDT were/VBD installed/VBN in/IN place/NN of/IN traditional/JJ curtains/NNS to/TO add/VB to/TO the/DT hotel/NN 's/POS theme/NN do/VBP absolutely/RB nothing/NN to/TO keep/VB the/DT room/NN dark/JJ once/IN the/DT sun/NN comes/VBZ up/RP ./. 
The/DT room/NN was/VBD a/DT good/JJ size/NN but/CC the/DT bathroomm/NN was/VBD very/RB small/JJ ./. 
Bathroom/NN was/VBD adequate/JJ and/CC clean/JJ and/CC there/EX was/VBD a/DT hairdryer/NN ./. 
The/DT wash/NN basin/NN was/VBD in/IN the/DT room/NN without/IN any/DT privacy/NN and/CC there/EX was/VBD a/DT small/JJ bathroom/NN for/IN the/DT toilet/NN and/CC bath/NN shower/VBP ./. 
The/DT bathroom/NN had/VBD not/RB been/VBN remodeled/VBN in/IN alignment/NN ,/, but/CC it/PRP was/VBD all/DT very/RB clean/JJ and/CC perfectly/RB acceptable/JJ ./. 
The/DT bathroom/NN had/VBD several/JJ problems/NNS ./. 
Bathrooms/NNS were/VBD also/RB very/RB nice/JJ ./. 
The/DT shower/VBP stall/VB could/MD have/VB been/VBN bigger/JJR as/IN the/DT bathroom/NN itself/PRP was/VBD pretty/RB large/JJ ./. 
Then/RB they/PRP gave/VBD us/PRP a/DT room/NN which/WDT had/VBD a/DT view/NN of/IN a/DT wall/NN ,/, a/DT tiny/JJ bathroom/NN so/IN small/JJ in/IN fact/NN that/IN the/DT sink/NN had/VBD to/TO be/VB in/IN the/DT bedroom/NN ./. 
The/DT room/NN is/VBZ not/RB the/DT most/RBS modern/JJ room/NN but/CC there/EX was/VBD tons/NNS of/IN space/NN especially/RB in/IN the/DT bathroom/NN ./. 
We/PRP may/MD have/VB had/VBD an/DT ADA/NNP room/NN because/IN it/PRP was/VBD pretty/RB big/JJ with/IN large/JJ bathroom/NN ,/, it/PRP was/VBD room/NN 459/CD ,/, and/CC the/DT room/NN had/VBD all/PDT the/DT amenities/NNS we/PRP were/VBD looking/VBG for/IN ./. 
The/DT room/NN and/CC bathroom/NN were/VBD perfect/JJ in/IN size/NN ,/, just/RB what/WP is/VBZ needed/VBN ./. 
The/DT only/JJ possible/JJ complaint/NN was/VBD that/IN the/DT sink/NN in/IN the/DT bathroom/NN had/VBD a/DT crack/NN in/IN it/PRP ,/, but/CC it/PRP did/VBD not/RB bother/VB me/PRP enough/RB to/TO ask/VB for/IN a/DT different/JJ room/NN ./. 
Bathrooms/NNS ,/, though/RB ,/, are/VBP plenty/JJ big/JJ ./. 
Although/IN the/DT rooms/NNS were/VBD clean/JJ and/CC fresh/JJ ,/, one/CD of/IN ours/JJ had/VBD several/JJ small/JJ problems/NNS ,/, the/DT phone/NN did/VBD n't/RB work/VB ,/, the/DT bathroom/NN door/NN handle/VBP was/VBD quite/RB loose/JJ ,/, and/CC the/DT thermostat/NN did/VBD n't/RB work/VB properly/RB ./. 
It/PRP represents/VBZ value/NN for/IN money/NN ,/, the/DT rooms/NNS and/CC bathrooms/NNS were/VBD impeccably/RB clean/JJ ,/, fresh/JJ linen/NN daily/RB ,/, and/CC the/DT staff/NN extremely/RB helpful/JJ and/CC friendly/JJ ./. 
There/EX were/VBD plenty/NN of/IN thick/JJ towels/NNS in/IN the/DT bathroom/NN ,/, and/CC all/PDT the/DT usual/JJ toiletries/NNS ,/, hair/NN ,/, dryer/NN ,/, etc/FW ./. 
I/PRP really/RB did/VBD n't/RB get/VB a/DT chance/NN to/TO experience/VB the/DT staff/NN 's/POS level/NN of/IN service/NN but/CC the/DT rooms/NNS are/VBP small/JJ as/IN is/VBZ the/DT bathroom/NN ./. 
The/DT bathroom/NN was/VBD also/RB small/JJ it/PRP was/VBD difficult/JJ to/TO close/VB the/DT door/NN once/RB inside/IN to/TO avoid/VB the/DT door/NN hitting/VBG you/PRP no/DT joke/NN !/. ./. 
Some/DT rooms/NNS had/VBD the/DT bathroom/NN sink/NN outside/IN the/DT bathroom/NN ,/, which/WDT we/PRP would/MD have/VB preferred/VBN ,/, but/CC our/PRP$ sink/NN was/VBD inside/IN the/DT bathroom/NN ./. 
The/DT bathroom/NN was/VBD clean/JJ and/CC bright/JJ and/CC the/DT toiletries/NNS were/VBD so/RB good/JJ that/IN we/PRP took/VBD the/DT leftovers/NNS home/NN because/IN there/EX was/VBD a/DT website/JJ selling/VBG the/DT shampoo/NN listed/VBN on/IN the/DT bottle/NN ./. 
The/DT rooms/NNS were/VBD very/RB nice/JJ ,/, could/MD of/IN use/NN just/RB a/DT little/RB more/RBR shelf/NN space/NN by/IN the/DT bathroom/NN sink/NN ./. 
The/DT bathroom/NN was/VBD clean/JJ but/CC a/DT little/JJ dated/JJ ./. 
The/DT only/JJ thing/NN wrong/JJ with/IN the/DT room/NN was/VBD the/DT bathroom/NN ,/, it/PRP was/VBD not/RB up/RB to/TO the/DT standard/NN of/IN the/DT rest/NN of/IN the/DT decor/NN but/CC it/PRP was/VBD clean/JJ and/CC large/JJ enough/RB ./. 
The/DT bathroom/NN was/VBD just/RB okay/JJ ,/, but/CC for/IN the/DT price/NN we/PRP survived/VBD ./. 
Hair/NN dryer/NN in/IN bathroom/NN constantly/RB fell/VBD in/IN sink/NN from/IN it/PRP 's/VBZ holder/NN when/WRB anyone/NN used/VBD the/DT door/NN to/TO our/PRP$ room/NN ./. 
The/DT reasonable/JJ price/NN of/IN the/DT hotel/NN allowed/VBD us/PRP to/TO book/NN 2/CD rooms/NNS ,/, thus/RB giving/VBG the/DT 4/CD of/IN us/PRP a/DT bit/NN more/RBR space/NN and/CC 2/CD bathrooms/NNS ./. 
Plenty/NN of/IN room/NN in/IN the/DT bathroom/NN ./. 
Nice/JJ clean/JJ rooms/NNS and/CC a/DT spaciousbathroom/NN ./. 
The/DT only/JJ minor/JJ downside/NN ,/, as/IN a/DT few/JJ others/NNS have/VBP mentioned/VBN ,/, is/VBZ the/DT bathroom/NN sink/NN lighting/NN ./. 
Did/VBD not/RB like/IN the/DT bathroom/NN light/NN shining/VBG into/IN bedroom/NN ./. 
Only/RB negative/JJ is/VBZ the/DT bathroom/NN area/NN is/VBZ a/DT little/JJ small/JJ ./. 
Our/PRP$ suite/NN we/PRP had/VBD was/VBD small/JJ there/EX was/VBD pubic/JJ hair/NN on/IN the/DT bathroom/NN floor/NN from/IN ?/. ./. 
bathroom/NN a/DT little/JJ on/IN the/DT older/JJR side/NN ./. 
The/DT bathroom/NN needed/VBD a/DT face/NN ,/, lift/NN also/RB ./. 
The/DT bathrooms/NNS are/VBP quite/RB small/JJ compared/VBN to/TO other/JJ hotels/NNS but/CC adequate/JJ ./. 
The/DT hotel/NN was/VBD of/IN a/DT good/JJ standard/NN ,/, big/JJ clean/JJ rooms/NNS ,/, decent/JJ bathroom/NN and/CC the/DT free/JJ wine/NN reception/NN in/IN the/DT evening/NN was/VBD an/DT added/VBN bonus/NN ./. 
