After/IN I/PRP plugged/VBD it/PRP in/IN to/TO my/PRP$ USB/NNP hub/NN on/IN my/PRP$ computer/NN to/TO charge/VB the/DT battery/NN the/DT charging/VBG cord/NN design/NN is/VBZ very/RB clever/JJ !/. ./. 
After/IN you/PRP have/VBP paged/VBN tru/NN a/DT 500/CD ,/, page/NN book/NN one/CD ,/, page/NN ,/, at/IN ,/, a/DT ,/, time/NN to/TO get/VB from/IN Chapter/NN 2/CD to/TO Chapter/NNP 15/CD ,/, see/VB how/WRB excited/JJ you/PRP are/VBP about/IN a/DT low/JJ battery/NN and/CC all/PDT the/DT time/NN it/PRP took/VBD to/TO get/VB there/RB !/. ./. 
NO/DT USER/NNP REPLACEABLE/NNP BATTERY/NNP ,/, ,/, Unless/IN you/PRP buy/VBP the/DT extended/JJ warranty/NN for/IN $/$ 65/CD ./. 
After/IN 1/CD year/NN you/PRP pay/VBP $/$ 80/CD plus/CC shipping/VBG to/TO send/VB the/DT device/NN to/TO Amazon/NNP and/CC have/VBP the/DT Kindle/NNP REPLACED/NNP ,/, not/RB the/DT battery/NN changed/VBD out/RP ./. 
The/DT fact/NN that/IN Kindle/NNP 2/CD has/VBZ no/DT SD/NNP card/NN capability/NN and/CC the/DT battery/NN is/VBZ not/RB user/NN ,/, serviceable/JJ is/VBZ not/RB an/DT issue/NN with/IN me/PRP ./. 
Things/NNS like/IN the/DT buttons/NNS that/WDT made/VBD it/PRP easy/JJ to/TO accidentally/RB turn/VB pages/NNS the/DT separate/JJ cursor/NN on/IN the/DT side/NN that/WDT could/MD only/RB select/VB lines/NNS and/CC was/VBD sometimes/RB hard/JJ to/TO see/VB the/DT occasionally/RB awkward/JJ menus/NNS the/DT case/NN which/WDT practically/RB forced/VBD you/PRP to/TO remove/VB it/PRP to/TO use/VB it/PRP and/CC sometimes/RB pulled/VBD the/DT battery/NN door/NN off/RB ./. 
The/DT issue/NN with/IN the/DT battery/NN door/NN opening/NN is/VBZ thus/RB solved/VBN ,/, but/CC Amazon/NNP went/VBD further/RB ,/, eliminating/VBG the/DT door/NN altogether/RB and/CC wrapping/VBG the/DT back/NN with/IN sleek/JJ stainless/JJ steel/NN ./. 
Frankly/RB ,/, I/PRP never/RB used/VBD either/CC the/DT card/NN slot/NN or/CC changed/VBD the/DT battery/NN on/IN my/PRP$ Kindle/NNP 1/CD but/CC I/PRP liked/VBD that/IN they/PRP were/VBD there/RB and/CC I/PRP miss/VBP them/PRP on/IN the/DT Kindle/NNP 2/CD ,/, even/RB though/IN ,/, I/PRP have/VBP to/TO admit/VB ,/, I/PRP do/VBP n't/RB actually/RB need/VBP them/PRP ./. 
It/PRP 's/VBZ also/RB easy/JJ to/TO charge/VB the/DT Kindle/NNP in/IN the/DT car/NN if/IN you/PRP have/VBP a/DT battery/NN charger/NN with/IN a/DT USB/NNP port/NN ./. 
You/PRP ca/MD n't/RB carry/VB an/DT extra/JJ battery/NN ,/, though/IN with/IN the/DT extended/JJ battery/NN life/NN and/CC extra/JJ charging/VBG options/NNS it/PRP 's/VBZ almost/RB a/DT non/NN ,/, issue/NN ,/, and/CC you/PRP ca/MD n't/RB replace/VB the/DT battery/NN because/IN of/IN the/DT iPod/NNP ,/, like/IN fixed/VBN backing/NN ./. 
For/IN one/CD thing/NN ,/, there/EX 's/VBZ no/DT charge/NN except/IN battery/NN power/NN no/DT pun/NN intended/VBN !/. ./. 
Before/IN purchasing/VBG ,/, I/PRP was/VBD obsessed/VBN with/IN the/DT reviews/NNS and/CC predictions/NNS I/PRP found/VBD online/NN and/CC reading/VBG about/IN some/DT of/IN the/DT critiques/NNS such/JJ as/IN the/DT thick/JJ border/NN ,/, the/DT lack/NN of/IN touchscreen/NN ,/, lack/NN of/IN battery/NN SD/NNP slot/NN ,/, lack/NN of/IN a/DT back/RB light/JJ ,/, awkward/JJ difficult/JJ keyboard/NN layout/NN ,/, minimally/RB faster/RBR page/NN flipping/VBG ,/, and/CC the/DT super/JJ ,/, high/JJ price/NN ./. 
As/IN for/IN the/DT battery/NN ,/, Amazon/NNP 's/POS explanation/NN was/VBD that/IN it/PRP 'd/MD thicken/VB the/DT Kindle/NNP ,/, so/IN I/PRP 'm/VBP fine/JJ with/IN it/PRP b/NN c/NN the/DT slenderness/NN of/IN the/DT K2/NNP is/VBZ such/JJ a/DT plus/NN ./. 
Short/JJ battery/NN life/NN ,/, I/PRP charged/VBD this/DT thing/NN for/IN a/DT couple/NN of/IN hours/NNS ,/, 24/CD hours/NNS ago/RB ,/, it/PRP 's/VBZ still/RB running/VBG and/CC just/RB at/IN 75/CD %/NN of/IN full/JJ power/NN ./. 
I/PRP turned/VBD it/PRP on/IN ,/, noticed/VBD there/EX was/VBD about/IN a/DT half/NN a/DT battery/NN charge/NN and/CC proceeded/VBD to/TO find/VB my/PRP$ way/NN around/IN the/DT thing/NN ./. 
Fourth/JJ ,/, your/PRP$ battery/NN icon/NN stinks/VBZ ./. 
It/PRP is/VBZ so/RB subtle/JJ that/IN you/PRP ca/MD n't/RB tell/VB how/WRB much/JJ battery/NN life/NN is/VBZ left/VBN ./. 
Kindle/NNP is/VBZ an/DT out/IN of/IN the/DT box/NN reading/NN ,/, ready/JJ unit/NN that/WDT immediately/RB addressed/VBD me/PRP by/IN my/PRP$ nickname/NN ,/, no/DT log/VB ,/, in/IN necessary/JJ ,/, and/CC could/MD have/VB begun/VBN downloading/VBG whatever/WDT I/PRP wanted/VBD over/IN the/DT 3G/NNP Whispernet/NNP within/IN seconds/NNS as/IN the/DT battery/NN was/VBD charging/VBG ,/, ./. 
very/RB thin/JJ ,/, light/JJ ,/, weight/NN ,/, and/CC attractive/JJ ,/, looking/VBG with/IN more/JJR data/NNS storage/NN and/CC faster/JJR battery/NN charges/NNS with/IN longer/JJR usage/NN compared/VBN to/TO Kindle/VB 1/CD ,/, ./. 
What/WP I/PRP 'm/VBP ambivalent/JJ about/IN ,/, I/PRP do/VBP n't/RB find/VB the/DT battery/NN life/NN any/DT better/JJR than/IN the/DT K1/NNP ,/, I/PRP thought/VBD the/DT K1/NNP battery/NN life/NN was/VBD perfectly/RB fine/JJ ./. 
extended/VBN use/NN of/IN this/DT feature/NN will/MD cut/VB into/IN battery/NN life/NN significantly/RB ,/, I/PRP 've/VBP been/VBN getting/VBG 2/CD ./. 
because/IN the/DT battery/NN ran/VBD down/RB ./. 
A/DT week/NN ago/RB ,/, I/PRP ordered/VBD my/PRP$ Kindle/NNP 2/CD and/CC when/WRB it/PRP was/VBD delivered/VBN ,/, the/DT battery/NN was/VBD in/IN critical/JJ stage/NN and/CC it/PRP would/MD not/RB power/NN on/IN ./. 
When/WRB that/WDT came/VBD in/IN ,/, it/PRP was/VBD also/RB in/IN the/DT critical/JJ battery/NN stage/NN and/CC this/DT time/NN the/DT charge/NN light/NN would/MD not/RB even/RB come/VB on/IN upon/IN charging/VBG ./. 
Battery/NNP life/NN is/VBZ very/RB good/JJ ,/, even/RB with/IN the/DT wireless/JJ on/IN constantly/RB ./. 
K2/CD goes/VBZ into/IN sleep/NN mode/NN if/IN you/PRP leave/VBP it/PRP be/VB for/IN a/DT few/JJ minutes/NNS ,/, but/CC in/IN this/DT mode/NN it/PRP still/RB uses/VBZ battery/NN power/NN if/IN wireless/JJ is/VBZ enabled/VBN ./. 
Many/JJ have/VBP been/VBN critical/JJ of/IN the/DT non/NN user/NN replaceability/NN of/IN the/DT battery/NN ./. 
I/PRP can/MD do/VB without/IN the/DT K2/NNP several/JJ years/NNS from/IN now/RB for/IN a/DT week/NN while/IN the/DT battery/NN gets/VBZ replaced/VBN ./. 
More/RBR likely/JJ ,/, by/IN the/DT time/NN the/DT battery/NN no/RB longer/RB holds/VBZ a/DT charge/NN ,/, there/EX will/MD be/VB a/DT K7/NNP with/IN a/DT color/NN screen/NN and/CC 200/CD times/NNS the/DT memory/NN that/IN I/PRP 'll/MD want/VB to/TO upgrade/VB to/TO !/. ./. 
,/, Battery/NNP life/NN is/VBZ weeks/NNS at/IN a/DT time/NN ,/, even/RB with/IN constant/JJ use/NN ./. 
And/CC the/DT battery/NN life/NN has/VBZ gotten/VBN a/DT lot/NN shorter/JJR too/RB ,/, again/RB ,/, after/IN TONS/NNP of/IN use/NN ./. 
which/WDT ,/, I/PRP guess/VBP ,/, is/VBZ unavoidable/JJ with/IN rechargable/JJ batteries/NNS ,/, but/CC I/PRP wish/VBP I/PRP could/MD change/VB the/DT battery/NN myself/PRP ./. 
The/DT battery/NN was/VBD almost/RB fully/RB charged/VBN upon/IN receipt/NN so/IN I/PRP turned/VBD it/PRP on/IN and/CC I/PRP was/VBD in/IN business/NN ./. 
Good/JJ thing/NN the/DT nook/NN boasts/VBZ a/DT removable/JJ back/JJ cover/NN ,/, because/IN the/DT store/NN clerk/NN had/VBD to/TO take/VB it/PRP off/RP to/TO remove/VB the/DT battery/NN for/IN a/DT hard/JJ restart/VBP ./. 
Battery/NNP life/NN is/VBZ pretty/RB spot/NN on/IN ./. 
The/DT 2/CD days/NNS battery/NN life/NN was/VBD with/IN the/DT wireless/JJ turned/VBD ON/NNP which/WDT is/VBZ wholly/RB unneccesary/JJ in/IN the/DT normal/JJ operation/NN of/IN the/DT device/NN ./. 
Turn/NN wireless/JJ OFF/NNP ,/, It/PRP saves/VBZ your/PRP$ battery/NN ./. 
And/CC I/PRP like/VBP the/DT fact/NN the/DT wireless/NN is/VBZ a/DT menu/NN option/NN ,/, I/PRP just/RB leave/VBP it/PRP on/IN all/PDT the/DT time/NN anyways/VBZ with/IN little/JJ perceptible/JJ battery/NN drain/NN ./. 
,/, Battery/NNP life/NN seems/VBZ a/DT bit/RB longer/RBR but/CC the/DT K1/NNP was/VBD good/JJ too/RB ./. 
The/DT Sony/NNP takes/VBZ 60/CD seconds/NNS to/TO go/VB back/RB to/TO the/DT main/JJ menu/NN and/CC used/VBD an/DT incrediable/JJ amount/NN of/IN battery/NN ./. 
The/DT original/JJ Kindle/NNP had/VBD a/DT removable/JJ battery/NN and/CC you/PRP could/MD buy/VB extra/JJ batteries/NNS in/IN case/NN you/PRP 'd/MD be/VB away/RB from/IN a/DT power/NN source/NN for/IN an/DT extended/JJ time/NN ./. 
The/DT battery/NN in/IN the/DT Kindle/NNP 2/CD is/VBZ not/RB removable/JJ by/IN the/DT owner/NN ./. 
The/DT Sony/NNP is/VBZ smaller/JJR and/CC thinner/JJR and/CC ,/, I/PRP think/VBP ,/, has/VBZ longer/JJR battery/NN life/NN ./. 
It/PRP 's/VBZ not/RB clear/JJ how/WRB big/JJ an/DT advantage/NN it/PRP is/VBZ to/TO have/VB the/DT extra/JJ battery/NN life/NN ,/, though/RB ,/, because/IN both/DT get/VBP you/PRP through/IN a/DT long/JJ day/NN with/IN power/NN to/TO spare/VB ./. 
the/DT screen/NN is/VBZ small/JJ ,/, and/CC the/DT battery/NN does/VBZ n't/RB last/JJ long/RB enough/RB to/TO be/VB used/VBN in/IN the/DT way/NN I/PRP use/VBP books/NNS ./. 
The/DT battery/NN charged/VBD quickly/RB ,/, in/IN less/JJR than/IN 2/CD hours/NNS ./. 
If/IN I/PRP did/VBD n't/RB have/VB a/DT reading/NN lamp/NN handy/JJ ,/, I/PRP find/VBP that/IN the/DT Mighty/NNP Bright/NNP clip/NN on/IN battery/NN operated/VBD book/NN light/NN that/WDT amazon/VBP ./. 
would/MD no/DT doubt/NN run/VB down/RB the/DT Kindle/NNP 2/CD 's/POS battery/NN faster/RBR ./. 
So/RB far/RB ,/, the/DT battery/NN charge/NN seems/VBZ to/TO last/VB quite/RB a/DT long/JJ time/NN for/IN reading/NN ./. 
I/PRP leave/VBP the/DT wireless/JJ access/NN feature/NN turned/VBD off/RP for/IN longer/JJR battery/NN life/NN ./. 
So/RB far/RB ,/, it/PRP has/VBZ taken/VBN anywhere/RB from/IN two/CD to/TO three/CD hours/NNS to/TO recharge/VB the/DT device/NN ,/, depending/VBG on/IN how/WRB far/RB down/IN I/PRP 've/VBP let/VB the/DT battery/NN run/NN ./. 
I/PRP 'm/VBP not/RB pleased/VBN with/IN the/DT prospect/NN of/IN having/VBG to/TO send/VB the/DT unit/NN in/IN to/TO have/VB the/DT battery/NN replaced/VBD when/WRB it/PRP finally/RB fails/VBZ and/CC wo/MD n't/RB take/VB or/CC hold/VB a/DT charge/NN ./. 
Apparently/RB the/DT Kindle/NNP 1/CD had/VBD a/DT battery/NN the/DT owner/NN could/MD replace/VB quickly/RB ,/, the/DT way/NN a/DT cell/NN phone/NN does/VBZ ./. 
So/IN I/PRP give/VBP the/DT Kindle/NNP 2/CD an/DT A/NN ,/, minus/CC ,/, the/DT minus/NN because/IN the/DT battery/NN is/VBZ n't/RB replaceable/JJ by/IN the/DT end/NN user/NN ./. 
So/IN my/PRP$ only/JJ real/JJ complaint/NN right/RB now/RB is/VBZ a/DT battery/NN the/DT end/NN ,/, user/NN ca/MD n't/RB replace/VB ./. 
And/CC the/DT lack/NN of/IN backlight/JJ saves/VBZ on/IN the/DT battery/NN ./. 
I/PRP can/MD leave/VB it/PRP on/IN sleep/NN for/IN days/NNS and/CC hardly/RB ever/RB need/VB to/TO recharge/VB the/DT battery/NN ./. 
3The/JJ battery/NN definitely/RB does/VBZ not/RB last/JJ two/CD weeks/NNS on/IN mine/NN ./. 
With/IN 2/CD ,/, 3/CD hours/NNS of/IN reading/VBG per/IN day/NN ,/, my/PRP$ Kindle/NNP battery/NN has/VBZ lasted/VBN me/PRP only/RB 4/CD days/NNS ./. 
No/DT idea/NN what/WDT battery/NN life/NN is/VBZ like/IN because/IN I/PRP just/RB gave/VBD it/PRP to/TO her/PRP ./. 
-RRB-/-RRB- -RRB-/-RRB- Better/RBR battery/NN life/NN ,/, FAR/RB better/RBR with/IN wireless/JJ function/NN on/IN ./. 
To/TO me/PRP ,/, this/DT is/VBZ more/RBR important/JJ than/IN a/DT user/NN ,/, replaceable/JJ battery/NN ./. 
-RRB-/-RRB- -RRB-/-RRB- It/PRP has/VBZ a/DT user/NN ,/, replaceable/JJ battery/NN ,/, though/IN this/DT is/VBZ offset/VBN by/IN improved/JJ life/NN with/IN the/DT built/VBN ,/, in/IN Kindle/NNP 2/CD battery/NN ./. 
The/DT battery/NN life/NN is/VBZ disappointing/JJ ,/, with/IN the/DT wireless/JJ on/IN ,/, it/PRP probably/RB would/MD n't/RB last/VB 20/CD hours/NNS of/IN determined/JJ reading/NN ./. 
A/DT single/JJ battery/NN charge/NN of/IN my/PRP$ Kindle/NNP lasts/VBZ almost/RB two/CD weeks/NNS compared/VBN to/TO the/DT 3/CD ,/, 4/CD hours/NNS on/IN my/PRP$ iphone/NN or/CC the/DT 5/CD ,/, 6/CD hours/NNS on/IN my/PRP$ netbook/NN ./. 
Besides/IN ,/, I/PRP do/VBP n't/RB want/VB to/TO make/VB the/DT tradeoff/NN of/IN inferior/JJ battery/NN life/NN in/IN order/NN to/TO power/NN a/DT device/NN ,/, native/JJ backlight/NN ./. 
Plus/CC the/DT touch/NN screen/NN consumes/VBZ battery/NN life/NN ./. 
4/CD ,/, I/PRP like/VBP that/IN you/PRP can/MD change/VB the/DT battery/NN in/IN the/DT Nook/NNP and/CC you/PRP can/MD add/VB a/DT memory/NN card/NN ./. 
However/RB I/PRP have/VBP IPods/NNS and/CC I/PRP never/RB use/VBP up/RP all/PDT the/DT memory/NN or/CC battery/NN life/NN ./. 
Plus/CC the/DT Kindle/NNP 2/CD 's/POS Battery/NNP life/NN is/VBZ 4/CD days/NNS longer/RBR per/IN charge/NN ./. 
Oh/UH and/CC one/CD more/JJR thing/NN ,/, I/PRP 've/VBP discovered/VBN that/IN if/IN you/PRP turn/VBP of/IN wifi/NN until/IN you/PRP know/VBP you/PRP need/VBP to/TO send/VB or/CC retrieve/VB something/NN ,/, the/DT battery/NN lasts/VBZ for/IN many/JJ many/JJ more/JJR hours/NNS ./. 
A/DT clip/NN ,/, on/IN light/JJ seems/VBZ like/IN a/DT fine/JJ solution/NN ,/, plus/CC it/PRP does/VBZ n't/RB drain/VB the/DT battery/NN ./. 
,/, The/DT battery/NN life/NN seems/VBZ fine/JJ to/TO me/PRP ./. 
I/PRP left/VBD wireless/JJ on/IN for/IN the/DT first/JJ 3/CD days/NNS ,/, and/CC after/IN reading/VBG through/IN Ur/NNP and/CC 25/CD %/NN of/IN DaVinci/NNP Code/NNP ,/, plus/CC lots/NNS of/IN general/JJ playing/NN around/IN with/IN the/DT device/NN and/CC checking/VBG out/RP features/NNS ,/, I/PRP got/VBD the/DT low/JJ ,/, battery/NN warning/NN about/IN 55/CD hours/NNS after/IN intially/RB charging/VBG it/PRP to/TO full/JJ ./. 
This/DT feature/NN uses/VBZ a/DT lot/NN of/IN battery/NN and/CC the/DT battery/NN lasts/VBZ for/IN maximum/NN 2/CD ,/, 3/CD days/NNS but/CC it/PRP is/VBZ worth/JJ it/PRP ./. 
I/PRP live/VBP in/IN the/DT UK/NNP ,/, my/PRP$ Kindle/NNP arrived/VBD last/JJ Thursday/NNP and/CC it/PRP was/VBD up/RB and/CC running/VBG in/IN minutes/NNS as/IN the/DT battery/NN had/VBD some/DT charge/NN when/WRB it/PRP arrived/VBD ./. 
The/DT Kindle/NNP does/VBZ not/RB come/VBN with/IN a/DT UK/NNP power/NN adaptor/NN ,/, so/RB that/IN has/VBZ been/VBN an/DT extra/JJ 12/CD expense/NN ,/, but/CC I/PRP could/MD charge/VB the/DT battery/NN using/VBG the/DT computer/NN and/CC USB/NNP cable/NN ./. 
The/DT battery/NN life/NN is/VBZ unbelievable/JJ too/RB ./. 
Also/RB ,/, I/PRP only/RB carried/VBD my/PRP$ kindle/NN on/IN the/DT plane/NN to/TO Japan/NNP ,/, and/CC I/PRP could/MD read/VB for/IN over/IN 15/CD hours/NNS and/CC the/DT battery/NN was/VBD n't/RB even/RB halfway/VB over/RP ./. 
The/DT books/NNS download/JJ quickly/RB ,/, the/DT battery/NN lasts/VBZ a/DT long/JJ time/NN ,/, it/PRP is/VBZ simple/JJ to/TO use/VB ,/, the/DT bookmark/NN feature/NN is/VBZ nice/JJ ,/, and/CC I/PRP love/VBP the/DT cool/JJ pics/NNS on/IN the/DT screen/NN when/WRB you/PRP turn/VBP the/DT gadget/NN off/RP ./. 
The/DT battery/NN life/NN is/VBZ great/JJ and/CC I/PRP even/RB like/IN the/DT screen/NN savers/NNS ./. 
I/PRP just/RB found/VBD out/RP how/WRB to/TO save/VB the/DT battery/NN and/CC you/PRP can/MD read/VB for/IN well/RB over/IN a/DT week/NN without/IN a/DT charge/NN ./. 
If/IN the/DT battery/NN lasts/VBZ a/DT couple/NN years/NNS ,/, not/RB being/VBG able/JJ to/TO replace/VB it/PRP myself/PRP will/MD not/RB be/VB a/DT factor/NN either/RB ./. 
I/PRP 've/VBP left/VBN the/DT wireless/JJ on/IN and/CC really/RB do/VBP n't/RB see/VB tremendous/JJ battery/NN usage/NN yet/RB ./. 
At/IN first/JJ I/PRP thought/VBD ,/, wait/VB a/DT minute/NN ,/, no/DT memory/NN chip/NN ,/, no/DT exchangeable/JJ battery/NN ,/, a/DT few/JJ other/JJ diff/NN ./. 
It/PRP came/VBD with/IN battery/NN uncharged/JJ ,/, but/CC it/PRP charged/VBD up/RP as/IN advertised/VBN in/IN less/JJR than/IN 3/CD hours/NNS ./. 
And/CC the/DT long/JJ battery/NN life/NN is/VBZ amazing/JJ !/. ./. 
The/DT battery/NN life/NN seems/VBZ amazing/JJ ./. 
While/IN the/DT Kindle/NNP 2/CD shows/VBZ the/DT title/NN on/IN the/DT left/VBN as/IN before/RB and/CC more/JJR readable/JJ ,/, the/DT battery/NN life/NN and/CC network/NN icons/NNS are/VBP in/IN the/DT place/NN of/IN the/DT author/NN 's/POS name/NN ./. 
By/IN the/DT way/NN ,/, Kindle/NNP battery/NN lasts/VBZ forever/RB indeed/RB !/. ./. 
